<?xml version="1.0" encoding="UTF-8"?>
<!-- Generated by org.testng.reporters.JUnitReportReporter -->
<testsuite hostname="svt-laptop-72" failures="0" tests="1" name="com.example.TestRunner.TestngTestRunnerTest" time="0.285" errors="0" timestamp="2023-04-10T17:51:37 IST" skipped="0">
  <testcase classname="com.example.TestRunner.TestngTestRunnerTest" name="runScenario" time="0.285"/>
  <system-out/>
</testsuite> <!-- com.example.TestRunner.TestngTestRunnerTest -->
